<?xml version="1.0" encoding="UTF-8"?>
<TestRun id="a471c973-b855-4ad8-a4f3-c9a5465df187" name="Arquiteto@ALLSPARK 2013-01-20 16:01:59" runUser="ALLSPARK\Arquiteto" xmlns="http://microsoft.com/schemas/VisualStudio/TeamTest/2010">
  <TestSettings name="Local" id="48cf9c2f-742f-4c58-a0bc-2a49189e81c2">
    <Description>These are default test settings for a local test run.</Description>
    <Deployment enabled="false" runDeploymentRoot="Arquiteto_ALLSPARK 2013-01-20 16_01_59">
      <DeploymentItem filename="C:\Documents and Settings\Arquiteto\Meus documentos\Visual Studio 2010\Projects\Spring_Net\DAL\bin\Debug\DAL.dll" />
      <DeploymentItem filename="C:\Arquivos de programas\Spring.NET 1.3.2\bin\net\4.0\release\Spring.Core.dll" />
    </Deployment>
    <Execution>
      <TestTypeSpecific />
      <AgentRule name="Execution Agents">
      </AgentRule>
    </Execution>
  </TestSettings>
  <Times creation="2013-01-20T16:01:59.6225508-02:00" queuing="2013-01-20T16:01:59.7126804-02:00" start="2013-01-20T16:01:59.8428676-02:00" finish="2013-01-20T16:02:01.5052580-02:00" />
  <ResultSummary outcome="Failed">
    <Counters total="1" executed="1" error="0" failed="1" timeout="0" aborted="0" inconclusive="0" passedButRunAborted="0" notRunnable="0" notExecuted="0" disconnected="0" warning="0" passed="0" completed="0" inProgress="0" pending="0" />
  </ResultSummary>
  <TestDefinitions>
    <UnitTest name="SalvarTest" storage="c:\documents and settings\arquiteto\meus documentos\visual studio 2010\projects\spring_net\testedal\bin\debug\testedal.dll" id="f3453cf2-8978-0b99-b5ee-500b3a00fc71">
      <Execution id="3c2fca3b-99c3-4011-b682-043fd00b8329" />
      <TestMethod codeBase="C:/Documents and Settings/Arquiteto/Meus documentos/Visual Studio 2010/Projects/Spring_Net/TesteDAL/bin/Debug/TesteDAL.DLL" adapterTypeName="Microsoft.VisualStudio.TestTools.TestTypes.Unit.UnitTestAdapter, Microsoft.VisualStudio.QualityTools.Tips.UnitTest.Adapter, Version=10.0.0.0, Culture=neutral, PublicKeyToken=b03f5f7f11d50a3a" className="TesteDAL.ContatoDALTest, TesteDAL, Version=1.0.0.0, Culture=neutral, PublicKeyToken=null" name="SalvarTest" />
    </UnitTest>
  </TestDefinitions>
  <TestLists>
    <TestList name="Results Not in a List" id="8c84fa94-04c1-424b-9868-57a2d4851a1d" />
    <TestList name="All Loaded Results" id="19431567-8539-422a-85d7-44ee4e166bda" />
  </TestLists>
  <TestEntries>
    <TestEntry testId="f3453cf2-8978-0b99-b5ee-500b3a00fc71" executionId="3c2fca3b-99c3-4011-b682-043fd00b8329" testListId="8c84fa94-04c1-424b-9868-57a2d4851a1d" />
  </TestEntries>
  <Results>
    <UnitTestResult executionId="3c2fca3b-99c3-4011-b682-043fd00b8329" testId="f3453cf2-8978-0b99-b5ee-500b3a00fc71" testName="SalvarTest" computerName="ALLSPARK" duration="00:00:00.6035297" startTime="2013-01-20T16:02:00.1432996-02:00" endTime="2013-01-20T16:02:01.2949556-02:00" testType="13cdc9d9-ddb5-4fa4-a97d-d965ccfc6d4b" outcome="Failed" testListId="8c84fa94-04c1-424b-9868-57a2d4851a1d" relativeResultsDirectory="3c2fca3b-99c3-4011-b682-043fd00b8329">
      <Output>
        <DebugTrace>Unable to read configuration section common/logging.  Using no-op implemenation.
</DebugTrace>
        <ErrorInfo>
          <Message>Assert.Fail failed. Error creating context 'spring.root': Não foi possível carregar o tipo DAL.Persistencia.DALGenerico do assembly DAL, Version=1.0.0.0, Culture=neutral, PublicKeyToken=null.</Message>
          <StackTrace>   em TesteDAL.ContatoDALTest.SalvarTest() na E:\Documentos\Empresa\Artigos\Revista DevMedia\dotNet Magazine\Spring_Net\Solution\Spring_Net\TesteDAL\ContatoDALTest.cs:linha 97
</StackTrace>
        </ErrorInfo>
      </Output>
    </UnitTestResult>
  </Results>
</TestRun>