<?xml version="1.0" encoding="UTF-8"?>
<TestRun id="0d959e03-063f-4c30-b36e-c1e89647222e" name="Arquiteto@ALLSPARK 2013-01-20 15:53:48" runUser="ALLSPARK\Arquiteto" xmlns="http://microsoft.com/schemas/VisualStudio/TeamTest/2010">
  <TestSettings name="Local" id="48cf9c2f-742f-4c58-a0bc-2a49189e81c2">
    <Description>These are default test settings for a local test run.</Description>
    <Deployment enabled="false" runDeploymentRoot="Arquiteto_ALLSPARK 2013-01-20 15_53_48">
      <DeploymentItem filename="C:\Documents and Settings\Arquiteto\Meus documentos\Visual Studio 2010\Projects\Spring_Net\DAL\bin\Debug\DAL.dll" />
      <DeploymentItem filename="C:\Arquivos de programas\Spring.NET 1.3.2\bin\net\4.0\release\Spring.Core.dll" />
    </Deployment>
    <Execution>
      <TestTypeSpecific />
      <AgentRule name="Execution Agents">
      </AgentRule>
    </Execution>
  </TestSettings>
  <Times creation="2013-01-20T15:53:48.0459688-02:00" queuing="2013-01-20T15:53:51.6611672-02:00" start="2013-01-20T15:53:52.0717576-02:00" finish="2013-01-20T15:53:53.4337160-02:00" />
  <ResultSummary outcome="Error">
    <Counters total="1" executed="1" error="1" failed="0" timeout="0" aborted="0" inconclusive="0" passedButRunAborted="0" notRunnable="0" notExecuted="0" disconnected="0" warning="0" passed="0" completed="0" inProgress="0" pending="0" />
  </ResultSummary>
  <TestDefinitions>
    <UnitTest name="SalvarTest" storage="c:\documents and settings\arquiteto\meus documentos\visual studio 2010\projects\spring_net\testedal\bin\debug\testedal.dll" id="f3453cf2-8978-0b99-b5ee-500b3a00fc71">
      <Execution id="43b7f70c-9739-4709-9080-889ed628f1a9" />
      <TestMethod codeBase="C:/Documents and Settings/Arquiteto/Meus documentos/Visual Studio 2010/Projects/Spring_Net/TesteDAL/bin/Debug/TesteDAL.DLL" adapterTypeName="Microsoft.VisualStudio.TestTools.TestTypes.Unit.UnitTestAdapter, Microsoft.VisualStudio.QualityTools.Tips.UnitTest.Adapter, Version=10.0.0.0, Culture=neutral, PublicKeyToken=b03f5f7f11d50a3a" className="TesteDAL.ContatoDALTest, TesteDAL, Version=1.0.0.0, Culture=neutral, PublicKeyToken=null" name="SalvarTest" />
    </UnitTest>
  </TestDefinitions>
  <TestLists>
    <TestList name="Results Not in a List" id="8c84fa94-04c1-424b-9868-57a2d4851a1d" />
    <TestList name="All Loaded Results" id="19431567-8539-422a-85d7-44ee4e166bda" />
  </TestLists>
  <TestEntries>
    <TestEntry testId="f3453cf2-8978-0b99-b5ee-500b3a00fc71" executionId="43b7f70c-9739-4709-9080-889ed628f1a9" testListId="8c84fa94-04c1-424b-9868-57a2d4851a1d" />
  </TestEntries>
  <Results>
    <UnitTestResult executionId="43b7f70c-9739-4709-9080-889ed628f1a9" testId="f3453cf2-8978-0b99-b5ee-500b3a00fc71" testName="SalvarTest" computerName="ALLSPARK" startTime="2013-01-20T15:53:52.0917864-02:00" endTime="2013-01-20T15:53:53.1833560-02:00" testType="13cdc9d9-ddb5-4fa4-a97d-d965ccfc6d4b" testListId="8c84fa94-04c1-424b-9868-57a2d4851a1d" relativeResultsDirectory="43b7f70c-9739-4709-9080-889ed628f1a9">
      <Output>
        <ErrorInfo>
          <Message>Unit Test Adapter threw exception: 
O inicializador de tipo de 'Microsoft.VisualStudio.TestTools.Diagnostics.EqtTrace' acionou uma exceção.
O sistema de configuração falhou ao inicializar
Apenas um elemento &lt;configSections&gt; é permitido por arquivo de configuração e, se presente, deve ser o primeiro filho do elemento &lt;configuration&gt; raiz. (C:\Documents and Settings\Arquiteto\Meus documentos\Visual Studio 2010\Projects\Spring_Net\TesteDAL\bin\Debug\TesteDAL.DLL.config line 8).</Message>
        </ErrorInfo>
      </Output>
    </UnitTestResult>
  </Results>
</TestRun>