<?xml version="1.0" encoding="utf-8" standalone="no"?>
<!--This file represents the results of running a test suite-->
<test-results name="C:\Documents and Settings\Arquiteto\Meus documentos\artigos-devmedia\Revistas DevMedia\dotNet Magazine\109\Código Fonte\MVCSeguranca.Ed109.Testes\MVCSeguranca.Ed109.Testes.NUnit" total="1" errors="1" failures="0" not-run="0" inconclusive="0" ignored="0" skipped="0" invalid="0" date="2013-10-17" time="05:32:52">
  <environment nunit-version="2.6.2.12296" clr-version="2.0.50727.3053" os-version="Microsoft Windows NT 5.1.2600 Service Pack 3" platform="Win32NT" cwd="C:\Documents and Settings\Arquiteto\Meus documentos\artigos-devmedia\Revistas DevMedia\dotNet Magazine\109\Código Fonte\MVCSeguranca.Ed109.Testes" machine-name="ALLSPARK" user="Arquiteto" user-domain="ALLSPARK" />
  <culture-info current-culture="pt-BR" current-uiculture="pt-BR" />
  <test-suite type="Project" name="C:\Documents and Settings\Arquiteto\Meus documentos\artigos-devmedia\Revistas DevMedia\dotNet Magazine\109\Código Fonte\MVCSeguranca.Ed109.Testes\MVCSeguranca.Ed109.Testes.NUnit" executed="True" result="Failure" success="False" time="9.010" asserts="0">
    <results>
      <test-suite type="Assembly" name="C:\Documents and Settings\Arquiteto\Meus documentos\artigos-devmedia\Revistas DevMedia\dotNet Magazine\109\Código Fonte\MVCSeguranca.Ed109.Testes\bin\Debug\MVCSeguranca.Ed109.Testes.dll" executed="True" result="Failure" success="False" time="8.940" asserts="0">
        <results>
          <test-suite type="Namespace" name="MVCSeguranca" executed="True" result="Failure" success="False" time="8.850" asserts="0">
            <results>
              <test-suite type="Namespace" name="Ed109" executed="True" result="Failure" success="False" time="8.771" asserts="0">
                <results>
                  <test-suite type="Namespace" name="Testes" executed="True" result="Failure" success="False" time="8.672" asserts="0">
                    <results>
                      <test-suite type="Namespace" name="DAL" executed="True" result="Failure" success="False" time="8.563" asserts="0">
                        <results>
                          <test-suite type="TestFixture" name="TesteDAL" executed="True" result="Failure" success="False" time="8.463" asserts="0">
                            <results>
                              <test-case name="MVCSeguranca.Ed109.Testes.DAL.TesteDAL.Teste_Integracao" executed="True" result="Error" success="False" time="8.334" asserts="0">
                                <failure>
                                  <message><![CDATA[System.NullReferenceException : Referência de objeto não definida para uma instância de um objeto.]]></message>
                                  <stack-trace><![CDATA[em MVCSeguranca.Ed109.DAL.DataSource.Conexao..ctor() na C:\Documents and Settings\Arquiteto\Meus documentos\artigos-devmedia\Revistas DevMedia\dotNet Magazine\109\Código Fonte\MVCSeguranca.Ed109.DAL\DataSource\Conexao.cs:linha 19
em MVCSeguranca.Ed109.DAL.ControleTransacao.UnitOfWork..ctor() na C:\Documents and Settings\Arquiteto\Meus documentos\artigos-devmedia\Revistas DevMedia\dotNet Magazine\109\Código Fonte\MVCSeguranca.Ed109.DAL\ControleTransacao\UnitOfWork.cs:linha 17
em MVCSeguranca.Ed109.Testes.DAL.TesteDAL.Teste_Integracao() na C:\Documents and Settings\Arquiteto\Meus documentos\artigos-devmedia\Revistas DevMedia\dotNet Magazine\109\Código Fonte\MVCSeguranca.Ed109.Testes\DAL\TesteDAL.cs:linha 21
]]></stack-trace>
                                </failure>
                              </test-case>
                            </results>
                          </test-suite>
                        </results>
                      </test-suite>
                    </results>
                  </test-suite>
                </results>
              </test-suite>
            </results>
          </test-suite>
        </results>
      </test-suite>
    </results>
  </test-suite>
</test-results>