<?xml version="1.0" encoding="utf-8" standalone="no"?>
<!--This file represents the results of running a test suite-->
<test-results name="C:\Documents and Settings\Arquiteto\Meus documentos\artigos-devmedia\Revistas DevMedia\dotNet Magazine\109\Código Fonte\MVCSeguranca.Ed109.Testes\MVCSeguranca.Ed109.Testes.NUnit" total="3" errors="0" failures="0" not-run="0" inconclusive="0" ignored="0" skipped="0" invalid="0" date="2013-10-21" time="02:01:04">
  <environment nunit-version="2.6.2.12296" clr-version="2.0.50727.3053" os-version="Microsoft Windows NT 5.1.2600 Service Pack 3" platform="Win32NT" cwd="C:\Documents and Settings\Arquiteto\Meus documentos\artigos-devmedia\Revistas DevMedia\dotNet Magazine\109\Código Fonte\MVCSeguranca.Ed109.Testes" machine-name="ALLSPARK" user="Arquiteto" user-domain="ALLSPARK" />
  <culture-info current-culture="pt-BR" current-uiculture="pt-BR" />
  <test-suite type="Project" name="C:\Documents and Settings\Arquiteto\Meus documentos\artigos-devmedia\Revistas DevMedia\dotNet Magazine\109\Código Fonte\MVCSeguranca.Ed109.Testes\MVCSeguranca.Ed109.Testes.NUnit" executed="True" result="Success" success="True" time="1.219" asserts="0">
    <results>
      <test-suite type="Assembly" name="C:\Documents and Settings\Arquiteto\Meus documentos\artigos-devmedia\Revistas DevMedia\dotNet Magazine\109\Código Fonte\MVCSeguranca.Ed109.Testes\bin\Debug\MVCSeguranca.Ed109.Testes.dll" executed="True" result="Success" success="True" time="1.190" asserts="0">
        <results>
          <test-suite type="Namespace" name="MVCSeguranca" executed="True" result="Success" success="True" time="1.190" asserts="0">
            <results>
              <test-suite type="Namespace" name="Ed109" executed="True" result="Success" success="True" time="1.190" asserts="0">
                <results>
                  <test-suite type="Namespace" name="Testes" executed="True" result="Success" success="True" time="1.190" asserts="0">
                    <results>
                      <test-suite type="Namespace" name="DAL" executed="True" result="Success" success="True" time="1.180" asserts="0">
                        <results>
                          <test-suite type="TestFixture" name="TesteDAL" executed="True" result="Success" success="True" time="1.140" asserts="0">
                            <results>
                              <test-case name="MVCSeguranca.Ed109.Testes.DAL.TesteDAL.Testa_ConexaoBanco" executed="True" result="Success" success="True" time="1.051" asserts="1" />
                              <test-case name="MVCSeguranca.Ed109.Testes.DAL.TesteDAL.Testa_ConnectionStrings" executed="True" result="Success" success="True" time="0.030" asserts="1" />
                              <test-case name="MVCSeguranca.Ed109.Testes.DAL.TesteDAL.Teste_Integracao" executed="True" result="Success" success="True" time="0.030" asserts="1" />
                            </results>
                          </test-suite>
                        </results>
                      </test-suite>
                    </results>
                  </test-suite>
                </results>
              </test-suite>
            </results>
          </test-suite>
        </results>
      </test-suite>
    </results>
  </test-suite>
</test-results>