<?xml version="1.0" encoding="utf-8" standalone="no"?>
<!--This file represents the results of running a test suite-->
<test-results name="C:\112\Código Fonte\DevMedia.Ed112.MVCSeguranca.Solution\Teste.DevMedia.Ed112.MVCSeguranca.Spring\Teste.DevMedia.Ed112.MVCSeguranca.SpringNet.NUnit" total="1" errors="0" failures="0" not-run="0" inconclusive="0" ignored="0" skipped="0" invalid="0" date="2014-01-25" time="01:34:28">
  <environment nunit-version="2.6.2.12296" clr-version="2.0.50727.3053" os-version="Microsoft Windows NT 5.1.2600 Service Pack 3" platform="Win32NT" cwd="C:\112\Código Fonte\DevMedia.Ed112.MVCSeguranca.Solution\Teste.DevMedia.Ed112.MVCSeguranca.Spring" machine-name="ALLSPARK" user="Arquiteto" user-domain="ALLSPARK" />
  <culture-info current-culture="pt-BR" current-uiculture="pt-BR" />
  <test-suite type="Project" name="C:\112\Código Fonte\DevMedia.Ed112.MVCSeguranca.Solution\Teste.DevMedia.Ed112.MVCSeguranca.Spring\Teste.DevMedia.Ed112.MVCSeguranca.SpringNet.NUnit" executed="True" result="Success" success="True" time="29.913" asserts="0">
    <results>
      <test-suite type="Assembly" name="C:\112\Código Fonte\DevMedia.Ed112.MVCSeguranca.Solution\Teste.DevMedia.Ed112.MVCSeguranca.Spring\bin\Debug\Teste.DevMedia.Ed112.MVCSeguranca.SpringNet.dll" executed="True" result="Success" success="True" time="29.863" asserts="0">
        <results>
          <test-suite type="Namespace" name="Teste" executed="True" result="Success" success="True" time="29.863" asserts="0">
            <results>
              <test-suite type="Namespace" name="DevMedia" executed="True" result="Success" success="True" time="29.863" asserts="0">
                <results>
                  <test-suite type="Namespace" name="Ed112" executed="True" result="Success" success="True" time="29.863" asserts="0">
                    <results>
                      <test-suite type="Namespace" name="MVCSeguranca" executed="True" result="Success" success="True" time="29.863" asserts="0">
                        <results>
                          <test-suite type="Namespace" name="SpringNet" executed="True" result="Success" success="True" time="29.853" asserts="0">
                            <results>
                              <test-suite type="Namespace" name="Ambiente" executed="True" result="Success" success="True" time="29.853" asserts="0">
                                <results>
                                  <test-suite type="TestFixture" name="AmbienteTeste" executed="True" result="Success" success="True" time="29.773" asserts="0">
                                    <results>
                                      <test-case name="Teste.DevMedia.Ed112.MVCSeguranca.SpringNet.Ambiente.AmbienteTeste.Teste_Integracao" executed="True" result="Success" success="True" time="28.291" asserts="1" />
                                    </results>
                                  </test-suite>
                                </results>
                              </test-suite>
                            </results>
                          </test-suite>
                        </results>
                      </test-suite>
                    </results>
                  </test-suite>
                </results>
              </test-suite>
            </results>
          </test-suite>
        </results>
      </test-suite>
    </results>
  </test-suite>
</test-results>