<?xml version="1.0" encoding="UTF-8"?>
<TestRun id="54dc423b-b1aa-4b80-ae89-c10f6f4c6d7b" name="Arquiteto@ALLSPARK 2013-03-17 00:41:09" runUser="ALLSPARK\Arquiteto" xmlns="http://microsoft.com/schemas/VisualStudio/TeamTest/2010">
  <TestSettings name="Local" id="d4f7ce9b-908c-4374-9461-2f0230bff472">
    <Description>These are default test settings for a local test run.</Description>
    <Deployment enabled="false" runDeploymentRoot="Arquiteto_ALLSPARK 2013-03-17 00_41_09">
      <DeploymentItem filename="c:\Arquivos de programas\Spring.NET 1.3.2\bin\net\4.0\release\Spring.Data.NHibernate31.dll" />
      <DeploymentItem filename="c:\documents and settings\arquiteto\meus documentos\visual studio 2010\Projects\NHibernate_Spring_NET\DAL\bin\Debug\DAL.dll" />
      <DeploymentItem filename="c:\documents and settings\arquiteto\meus documentos\Downloads\NHibernate-3.2.0.GA-bin\Required_Bins\NHibernate.dll" />
      <DeploymentItem filename="c:\Arquivos de programas\Spring.NET 1.3.2\bin\net\4.0\release\Spring.Messaging.Ems.dll" />
      <DeploymentItem filename="c:\Arquivos de programas\Spring.NET 1.3.2\bin\net\4.0\release\Spring.Data.NHibernate20.dll" />
      <DeploymentItem filename="c:\documents and settings\arquiteto\meus documentos\Downloads\NHibernate-3.2.0.GA-bin\Required_Bins\Iesi.Collections.dll" />
      <DeploymentItem filename="c:\Arquivos de programas\Spring.NET 1.3.2\bin\net\4.0\release\Spring.Data.NHibernate21.dll" />
      <DeploymentItem filename="c:\Arquivos de programas\Spring.NET 1.3.2\bin\net\4.0\release\Spring.Scheduling.Quartz.dll" />
      <DeploymentItem filename="c:\Arquivos de programas\Spring.NET 1.3.2\bin\net\4.0\release\Spring.Web.dll" />
      <DeploymentItem filename="c:\Arquivos de programas\Spring.NET 1.3.2\bin\net\4.0\release\Spring.Messaging.dll" />
      <DeploymentItem filename="c:\Arquivos de programas\Spring.NET 1.3.2\bin\net\4.0\release\Spring.Aop.dll" />
      <DeploymentItem filename="c:\Arquivos de programas\Spring.NET 1.3.2\bin\net\4.0\release\Spring.Data.NHibernate32.dll" />
      <DeploymentItem filename="c:\Arquivos de programas\Spring.NET 1.3.2\bin\net\4.0\release\Spring.Testing.Microsoft.dll" />
      <DeploymentItem filename="c:\Arquivos de programas\Spring.NET 1.3.2\bin\net\4.0\release\Spring.Data.NHibernate30.dll" />
      <DeploymentItem filename="c:\Arquivos de programas\Spring.NET 1.3.2\bin\net\4.0\release\Spring.Web.Mvc.dll" />
      <DeploymentItem filename="c:\Arquivos de programas\Spring.NET 1.3.2\bin\net\4.0\release\Spring.Services.dll" />
      <DeploymentItem filename="c:\Arquivos de programas\Spring.NET 1.3.2\bin\net\4.0\release\Spring.Messaging.Nms.dll" />
      <DeploymentItem filename="c:\documents and settings\arquiteto\meus documentos\visual studio 2010\Projects\NHibernate_Spring_NET\BusinessLayer\bin\Debug\BusinessLayer.dll" />
      <DeploymentItem filename="c:\Arquivos de programas\Spring.NET 1.3.2\bin\net\4.0\release\Common.Logging.dll" />
      <DeploymentItem filename="c:\Arquivos de programas\Spring.NET 1.3.2\bin\net\4.0\release\Spring.Core.dll" />
      <DeploymentItem filename="c:\Arquivos de programas\Spring.NET 1.3.2\bin\net\4.0\release\Spring.Template.Velocity.dll" />
      <DeploymentItem filename="c:\Arquivos de programas\Spring.NET 1.3.2\bin\net\4.0\release\Spring.Web.Mvc3.dll" />
      <DeploymentItem filename="c:\Arquivos de programas\Spring.NET 1.3.2\bin\net\4.0\release\Spring.Testing.NUnit.dll" />
      <DeploymentItem filename="c:\Arquivos de programas\Spring.NET 1.3.2\bin\net\4.0\release\Spring.Data.dll" />
      <DeploymentItem filename="c:\Arquivos de programas\Spring.NET 1.3.2\bin\net\4.0\release\Spring.Web.Extensions.dll" />
    </Deployment>
    <Execution>
      <TestTypeSpecific />
      <AgentRule name="Execution Agents">
      </AgentRule>
    </Execution>
  </TestSettings>
  <Times creation="2013-03-17T00:41:09.3713667-03:00" queuing="2013-03-17T00:41:21.1310635-03:00" start="2013-03-17T00:41:22.8315385-03:00" finish="2013-03-17T00:47:10.5257803-03:00" />
  <ResultSummary outcome="Failed">
    <Counters total="1" executed="1" error="0" failed="1" timeout="0" aborted="0" inconclusive="0" passedButRunAborted="0" notRunnable="0" notExecuted="0" disconnected="0" warning="0" passed="0" completed="0" inProgress="0" pending="0" />
  </ResultSummary>
  <TestDefinitions>
    <UnitTest name="SalvarProdutoTest" storage="c:\documents and settings\arquiteto\meus documentos\visual studio 2010\projects\nhibernate_spring_net\testespringnet\bin\debug\testespringnet.dll" id="25b37dfb-a303-ccf0-1b89-b9a3e13be4ea">
      <Execution id="8d01f6c1-c07f-484d-8b0a-4c323448ec23" />
      <TestMethod codeBase="c:/documents and settings/arquiteto/meus documentos/visual studio 2010/Projects/NHibernate_Spring_NET/TesteSpringNet/bin/Debug/TesteSpringNet.DLL" adapterTypeName="Microsoft.VisualStudio.TestTools.TestTypes.Unit.UnitTestAdapter, Microsoft.VisualStudio.QualityTools.Tips.UnitTest.Adapter, Version=10.0.0.0, Culture=neutral, PublicKeyToken=b03f5f7f11d50a3a" className="TesteSpringNet.ManterProdutoTest, TesteSpringNet, Version=1.0.0.0, Culture=neutral, PublicKeyToken=null" name="SalvarProdutoTest" />
    </UnitTest>
  </TestDefinitions>
  <TestLists>
    <TestList name="Testes de Regra de Negócio" id="c44a6dfb-94cf-4128-9ac1-d987c425f2fe" parentListId="8c43106b-9dc1-4907-a29f-aa66a61bf5b6">
      <TestLinks>
        <TestLink id="25b37dfb-a303-ccf0-1b89-b9a3e13be4ea" name="SalvarProdutoTest" storage="c:\documents and settings\arquiteto\meus documentos\visual studio 2010\projects\nhibernate_spring_net\testespringnet\bin\debug\testespringnet.dll" type="Microsoft.VisualStudio.TestTools.TestTypes.Unit.UnitTestElement, Microsoft.VisualStudio.QualityTools.Tips.UnitTest.ObjectModel, Version=10.0.0.0, Culture=neutral, PublicKeyToken=b03f5f7f11d50a3a" />
      </TestLinks>
    </TestList>
    <TestList name="All Loaded Results" id="19431567-8539-422a-85d7-44ee4e166bda" />
    <TestList name="Lists of Results" id="8c43106b-9dc1-4907-a29f-aa66a61bf5b6" />
  </TestLists>
  <TestEntries>
    <TestEntry testId="25b37dfb-a303-ccf0-1b89-b9a3e13be4ea" executionId="8d01f6c1-c07f-484d-8b0a-4c323448ec23" testListId="c44a6dfb-94cf-4128-9ac1-d987c425f2fe" />
  </TestEntries>
  <Results>
    <UnitTestResult executionId="8d01f6c1-c07f-484d-8b0a-4c323448ec23" testId="25b37dfb-a303-ccf0-1b89-b9a3e13be4ea" testName="SalvarProdutoTest" computerName="ALLSPARK" duration="00:05:33.8209076" startTime="2013-03-17T00:41:23.9975785-03:00" endTime="2013-03-17T00:47:04.4470395-03:00" testType="13cdc9d9-ddb5-4fa4-a97d-d965ccfc6d4b" outcome="Failed" testListId="c44a6dfb-94cf-4128-9ac1-d987c425f2fe" relativeResultsDirectory="8d01f6c1-c07f-484d-8b0a-4c323448ec23">
      <Output>
        <StdOut>NHibernate: SELECT fornecedor0_.id as id2_0_, fornecedor0_.nome as nome2_0_ FROM Fornecedor fornecedor0_ WHERE fornecedor0_.id=@p0;@p0 = 1 [Type: Int32 (0)]
NHibernate: SELECT produto0_.id as id3_1_, produto0_.nome as nome3_1_, produto0_.preco as preco3_1_, produto0_.pctLucro as pctLucro3_1_, itemnota1_.id as id0_0_, itemnota1_.precoUnitario as precoUni2_0_0_, itemnota1_.quantidade as quantidade0_0_, itemnota1_.totalLinha as totalLinha0_0_, itemnota1_.idNota as idNota0_0_, itemnota1_.idProduto as idProduto0_0_ FROM Produto produto0_ left outer join ItemNota itemnota1_ on produto0_.id=itemnota1_.id WHERE produto0_.id=@p0;@p0 = 5 [Type: Int32 (0)]
NHibernate: SELECT produto0_.id as id3_1_, produto0_.nome as nome3_1_, produto0_.preco as preco3_1_, produto0_.pctLucro as pctLucro3_1_, itemnota1_.id as id0_0_, itemnota1_.precoUnitario as precoUni2_0_0_, itemnota1_.quantidade as quantidade0_0_, itemnota1_.totalLinha as totalLinha0_0_, itemnota1_.idNota as idNota0_0_, itemnota1_.idProduto as idProduto0_0_ FROM Produto produto0_ left outer join ItemNota itemnota1_ on produto0_.id=itemnota1_.id WHERE produto0_.id=@p0;@p0 = 6 [Type: Int32 (0)]
NHibernate: SELECT produto0_.id as id13_1_, produto0_.nome as nome13_1_, produto0_.preco as preco13_1_, produto0_.pctLucro as pctLucro13_1_, itemnota1_.id as id10_0_, itemnota1_.precoUnitario as precoUni2_10_0_, itemnota1_.quantidade as quantidade10_0_, itemnota1_.totalLinha as totalLinha10_0_, itemnota1_.idNota as idNota10_0_, itemnota1_.idProduto as idProduto10_0_ FROM Produto produto0_ left outer join ItemNota itemnota1_ on produto0_.id=itemnota1_.id WHERE produto0_.id=@p0;@p0 = 5 [Type: Int32 (0)]</StdOut>
        <DebugTrace>Unable to read configuration section common/logging.  Using no-op implemenation.
</DebugTrace>
        <ErrorInfo>
          <Message>Test method TesteSpringNet.ManterProdutoTest.SalvarProdutoTest threw exception: 
System.NullReferenceException: Referência de objeto não definida para uma instância de um objeto.</Message>
          <StackTrace>    em TesteSpringNet.ManterProdutoTest.SalvarProdutoTest() na c:\documents and settings\arquiteto\meus documentos\visual studio 2010\Projects\NHibernate_Spring_NET\TesteSpringNet\ManterProdutoTest.cs:linha 162
</StackTrace>
        </ErrorInfo>
      </Output>
    </UnitTestResult>
  </Results>
</TestRun>