<?xml version="1.0" encoding="UTF-8"?>
<TestRun id="439271a2-e82d-41ba-9a42-1d6035cbdd23" name="Arquiteto@ALLSPARK 2013-03-17 02:28:02" runUser="ALLSPARK\Arquiteto" xmlns="http://microsoft.com/schemas/VisualStudio/TeamTest/2010">
  <TestSettings name="Local" id="d4f7ce9b-908c-4374-9461-2f0230bff472">
    <Description>These are default test settings for a local test run.</Description>
    <Deployment enabled="false" runDeploymentRoot="Arquiteto_ALLSPARK 2013-03-17 02_28_02">
      <DeploymentItem filename="c:\Arquivos de programas\Spring.NET 1.3.2\bin\net\4.0\release\Spring.Data.NHibernate31.dll" />
      <DeploymentItem filename="c:\documents and settings\arquiteto\meus documentos\visual studio 2010\Projects\NHibernate_Spring_NET\DAL\bin\Debug\DAL.dll" />
      <DeploymentItem filename="c:\documents and settings\arquiteto\meus documentos\Downloads\NHibernate-3.2.0.GA-bin\Required_Bins\NHibernate.dll" />
      <DeploymentItem filename="c:\Arquivos de programas\Spring.NET 1.3.2\bin\net\4.0\release\Spring.Messaging.Ems.dll" />
      <DeploymentItem filename="c:\Arquivos de programas\Spring.NET 1.3.2\bin\net\4.0\release\Spring.Data.NHibernate20.dll" />
      <DeploymentItem filename="c:\documents and settings\arquiteto\meus documentos\Downloads\NHibernate-3.2.0.GA-bin\Required_Bins\Iesi.Collections.dll" />
      <DeploymentItem filename="c:\Arquivos de programas\Spring.NET 1.3.2\bin\net\4.0\release\Spring.Data.NHibernate21.dll" />
      <DeploymentItem filename="c:\Arquivos de programas\Spring.NET 1.3.2\bin\net\4.0\release\Spring.Scheduling.Quartz.dll" />
      <DeploymentItem filename="c:\Arquivos de programas\Spring.NET 1.3.2\bin\net\4.0\release\Spring.Web.dll" />
      <DeploymentItem filename="c:\Arquivos de programas\Spring.NET 1.3.2\bin\net\4.0\release\Spring.Messaging.dll" />
      <DeploymentItem filename="c:\Arquivos de programas\Spring.NET 1.3.2\bin\net\4.0\release\Spring.Aop.dll" />
      <DeploymentItem filename="c:\Arquivos de programas\Spring.NET 1.3.2\bin\net\4.0\release\Spring.Data.NHibernate32.dll" />
      <DeploymentItem filename="c:\Arquivos de programas\Spring.NET 1.3.2\bin\net\4.0\release\Spring.Testing.Microsoft.dll" />
      <DeploymentItem filename="c:\Arquivos de programas\Spring.NET 1.3.2\bin\net\4.0\release\Spring.Data.NHibernate30.dll" />
      <DeploymentItem filename="c:\Arquivos de programas\Spring.NET 1.3.2\bin\net\4.0\release\Spring.Web.Mvc.dll" />
      <DeploymentItem filename="c:\Arquivos de programas\Spring.NET 1.3.2\bin\net\4.0\release\Spring.Services.dll" />
      <DeploymentItem filename="c:\Arquivos de programas\Spring.NET 1.3.2\bin\net\4.0\release\Spring.Messaging.Nms.dll" />
      <DeploymentItem filename="c:\documents and settings\arquiteto\meus documentos\visual studio 2010\Projects\NHibernate_Spring_NET\BusinessLayer\bin\Debug\BusinessLayer.dll" />
      <DeploymentItem filename="c:\Arquivos de programas\Spring.NET 1.3.2\bin\net\4.0\release\Common.Logging.dll" />
      <DeploymentItem filename="c:\Arquivos de programas\Spring.NET 1.3.2\bin\net\4.0\release\Spring.Core.dll" />
      <DeploymentItem filename="c:\Arquivos de programas\Spring.NET 1.3.2\bin\net\4.0\release\Spring.Template.Velocity.dll" />
      <DeploymentItem filename="c:\Arquivos de programas\Spring.NET 1.3.2\bin\net\4.0\release\Spring.Web.Mvc3.dll" />
      <DeploymentItem filename="c:\Arquivos de programas\Spring.NET 1.3.2\bin\net\4.0\release\Spring.Testing.NUnit.dll" />
      <DeploymentItem filename="c:\Arquivos de programas\Spring.NET 1.3.2\bin\net\4.0\release\Spring.Data.dll" />
      <DeploymentItem filename="c:\Arquivos de programas\Spring.NET 1.3.2\bin\net\4.0\release\Spring.Web.Extensions.dll" />
    </Deployment>
    <Execution>
      <TestTypeSpecific />
      <AgentRule name="Execution Agents">
      </AgentRule>
    </Execution>
  </TestSettings>
  <Times creation="2013-03-17T02:28:02.5863052-03:00" queuing="2013-03-17T02:28:02.7365212-03:00" start="2013-03-17T02:28:03.1070540-03:00" finish="2013-03-17T02:28:13.1014252-03:00" />
  <ResultSummary outcome="Inconclusive">
    <Counters total="1" executed="1" error="0" failed="0" timeout="0" aborted="0" inconclusive="1" passedButRunAborted="0" notRunnable="0" notExecuted="0" disconnected="0" warning="0" passed="0" completed="0" inProgress="0" pending="0" />
  </ResultSummary>
  <TestDefinitions>
    <UnitTest name="SalvarProdutoTest" storage="c:\documents and settings\arquiteto\meus documentos\visual studio 2010\projects\nhibernate_spring_net\testespringnet\bin\debug\testespringnet.dll" id="25b37dfb-a303-ccf0-1b89-b9a3e13be4ea">
      <Execution id="14ddadd6-8917-450d-a2b2-bc23e43b04bf" />
      <TestMethod codeBase="c:/documents and settings/arquiteto/meus documentos/visual studio 2010/Projects/NHibernate_Spring_NET/TesteSpringNet/bin/Debug/TesteSpringNet.DLL" adapterTypeName="Microsoft.VisualStudio.TestTools.TestTypes.Unit.UnitTestAdapter, Microsoft.VisualStudio.QualityTools.Tips.UnitTest.Adapter, Version=10.0.0.0, Culture=neutral, PublicKeyToken=b03f5f7f11d50a3a" className="TesteSpringNet.ManterProdutoTest, TesteSpringNet, Version=1.0.0.0, Culture=neutral, PublicKeyToken=null" name="SalvarProdutoTest" />
    </UnitTest>
  </TestDefinitions>
  <TestLists>
    <TestList name="Testes de Regra de Negócio" id="c44a6dfb-94cf-4128-9ac1-d987c425f2fe" parentListId="8c43106b-9dc1-4907-a29f-aa66a61bf5b6">
      <TestLinks>
        <TestLink id="25b37dfb-a303-ccf0-1b89-b9a3e13be4ea" name="SalvarProdutoTest" storage="c:\documents and settings\arquiteto\meus documentos\visual studio 2010\projects\nhibernate_spring_net\testespringnet\bin\debug\testespringnet.dll" type="Microsoft.VisualStudio.TestTools.TestTypes.Unit.UnitTestElement, Microsoft.VisualStudio.QualityTools.Tips.UnitTest.ObjectModel, Version=10.0.0.0, Culture=neutral, PublicKeyToken=b03f5f7f11d50a3a" />
      </TestLinks>
    </TestList>
    <TestList name="All Loaded Results" id="19431567-8539-422a-85d7-44ee4e166bda" />
    <TestList name="Lists of Results" id="8c43106b-9dc1-4907-a29f-aa66a61bf5b6" />
  </TestLists>
  <TestEntries>
    <TestEntry testId="25b37dfb-a303-ccf0-1b89-b9a3e13be4ea" executionId="14ddadd6-8917-450d-a2b2-bc23e43b04bf" testListId="c44a6dfb-94cf-4128-9ac1-d987c425f2fe" />
  </TestEntries>
  <Results>
    <UnitTestResult executionId="14ddadd6-8917-450d-a2b2-bc23e43b04bf" testId="25b37dfb-a303-ccf0-1b89-b9a3e13be4ea" testName="SalvarProdutoTest" computerName="ALLSPARK" duration="00:00:06.7553990" startTime="2013-03-17T02:28:03.4074860-03:00" endTime="2013-03-17T02:28:12.4204460-03:00" testType="13cdc9d9-ddb5-4fa4-a97d-d965ccfc6d4b" outcome="Inconclusive" testListId="c44a6dfb-94cf-4128-9ac1-d987c425f2fe" relativeResultsDirectory="14ddadd6-8917-450d-a2b2-bc23e43b04bf">
      <Output>
        <DebugTrace>Unable to read configuration section common/logging.  Using no-op implemenation.
</DebugTrace>
        <ErrorInfo>
          <Message>Assert.Inconclusive failed. Spring.Objects.Factory.ObjectCreationException: Error creating object with name 'NHibernateSessionFactory' defined in 'config [c:\documents and settings\arquiteto\meus documentos\visual studio 2010\Projects\NHibernate_Spring_NET\TesteSpringNet\bin\Debug\TesteSpringNet.DLL.config#spring/objects] line 3' : Initialization of object failed : DAL.Mapeamento.Produto.hbm.xml(16,89): XML validation error: O elemento 'class' no espaço para nome 'urn:nhibernate-mapping-2.2' não pode conter texto. Lista de possíveis elementos esperados: 'property, many-to-one, one-to-one, component, dynamic-component, properties, any, map, set, list, bag, idbag, array, primitive-array, join, subclass, joined-subclass, union-subclass, loader, sql-insert, sql-update, sql-delete, filter, resultset, query, sql-query' no espaço para nome 'urn:nhibernate-mapping-2.2'. ---&gt; NHibernate.MappingException: DAL.Mapeamento.Produto.hbm.xml(16,89): XML validation error: O elemento 'class' no espaço para nome 'urn:nhibernate-mapping-2.2' não pode conter texto. Lista de possíveis elementos esperados: 'property, many-to-one, one-to-one, component, dynamic-component, properties, any, map, set, list, bag, idbag, array, primitive-array, join, subclass, joined-subclass, union-subclass, loader, sql-insert, sql-update, sql-delete, filter, resultset, query, sql-query' no espaço para nome 'urn:nhibernate-mapping-2.2'. ---&gt; System.Xml.Schema.XmlSchemaValidationException: O elemento 'class' no espaço para nome 'urn:nhibernate-mapping-2.2' não pode conter texto. Lista de possíveis elementos esperados: 'property, many-to-one, one-to-one, component, dynamic-component, properties, any, map, set, list, bag, idbag, array, primitive-array, join, subclass, joined-subclass, union-subclass, loader, sql-insert, sql-update, sql-delete, filter, resultset, query, sql-query' no espaço para nome 'urn:nhibernate-mapping-2.2'.
   --- Fim do rastreamento de pilha de exceções internas ---
   em NHibernate.Cfg.Configuration.LogAndThrow(Exception exception) na d:\CSharp\NH\NH\nhibernate\src\NHibernate\Cfg\Configuration.cs:linha 342
   em NHibernate.Cfg.Configuration.ValidationHandler(Object o, ValidationEventArgs args) na d:\CSharp\NH\NH\nhibernate\src\NHibernate\Cfg\Configuration.cs:linha 1872
   em System.Xml.Schema.XmlSchemaValidator.SendValidationEvent(XmlSchemaValidationException e, XmlSeverityType severity)
   em System.Xml.Schema.XmlSchemaValidator.SendValidationEvent(String code, String[] args)
   em System.Xml.Schema.XmlSchemaValidator.ValidateText(String elementStringValue, XmlValueGetter elementValueGetter)
   em System.Xml.Schema.XmlSchemaValidator.ValidateText(XmlValueGetter elementValue)
   em System.Xml.XsdValidatingReader.ProcessReaderEvent()
   em System.Xml.XsdValidatingReader.Read()
   em System.Xml.XmlLoader.LoadNode(Boolean skipOverWhitespace)
   em System.Xml.XmlLoader.LoadDocSequence(XmlDocument parentDoc)
   em System.Xml.XmlLoader.Load(XmlDocument doc, XmlReader reader, Boolean preserveWhitespace)
   em System.Xml.XmlDocument.Load(XmlReader reader)
   em NHibernate.Cfg.Configuration.LoadMappingDocument(XmlReader hbmReader, String name) na d:\CSharp\NH\NH\nhibernate\src\NHibernate\Cfg\Configuration.cs:linha 1810
   em NHibernate.Cfg.Configuration.AddInputStream(Stream xmlInputStream, String name) na d:\CSharp\NH\NH\nhibernate\src\NHibernate\Cfg\Configuration.cs:linha 635
   em NHibernate.Cfg.Configuration.AddResource(String path, Assembly assembly) na d:\CSharp\NH\NH\nhibernate\src\NHibernate\Cfg\Configuration.cs:linha 673
   em NHibernate.Cfg.Configuration.AddAssembly(Assembly assembly) na d:\CSharp\NH\NH\nhibernate\src\NHibernate\Cfg\Configuration.cs:linha 768
   em NHibernate.Cfg.Configuration.AddAssembly(String assemblyName) na d:\CSharp\NH\NH\nhibernate\src\NHibernate\Cfg\Configuration.cs:linha 751
   em Spring.Data.NHibernate.LocalSessionFactoryObject.AfterPropertiesSet() na c:\_prj\spring-net\trunk\src\Spring\Spring.Data.NHibernate20\Data\NHibernate\LocalSessionFactoryObject.cs:linha 586
   em Spring.Objects.Factory.Support.AbstractAutowireCapableObjectFactory.InvokeInitMethods(Object target, String name, IConfigurableObjectDefinition definition) na c:\_prj\spring-net\trunk\src\Spring\Spring.Core\Objects\Factory\Support\AbstractAutowireCapableObjectFactory.cs:linha 1294
   em Spring.Objects.Factory.Support.AbstractAutowireCapableObjectFactory.ConfigureObject(String name, RootObjectDefinition definition, IObjectWrapper wrapper) na c:\_prj\spring-net\trunk\src\Spring\Spring.Core\Objects\Factory\Support\AbstractAutowireCapableObjectFactory.cs:linha 1890
   em Spring.Objects.Factory.Support.AbstractAutowireCapableObjectFactory.InstantiateObject(String name, RootObjectDefinition definition, Object[] arguments, Boolean allowEagerCaching, Boolean suppressConfigure) na c:\_prj\spring-net\trunk\src\Spring\Spring.Core\Objects\Factory\Support\AbstractAutowireCapableObjectFactory.cs:linha 921
   --- Fim do rastreamento de pilha de exceções internas ---
   em Spring.Objects.Factory.Support.AbstractAutowireCapableObjectFactory.InstantiateObject(String name, RootObjectDefinition definition, Object[] arguments, Boolean allowEagerCaching, Boolean suppressConfigure) na c:\_prj\spring-net\trunk\src\Spring\Spring.Core\Objects\Factory\Support\AbstractAutowireCapableObjectFactory.cs:linha 938
   em Spring.Objects.Factory.Support.AbstractObjectFactory.CreateAndCacheSingletonInstance(String objectName, RootObjectDefinition objectDefinition, Object[] arguments) na c:\_prj\spring-net\trunk\src\Spring\Spring.Core\Objects\Factory\Support\AbstractObjectFactory.cs:linha 2144
   em Spring.Objects.Factory.Support.AbstractObjectFactory.GetObjectInternal(String name, Type requiredType, Object[] arguments, Boolean suppressConfigure) na c:\_prj\spring-net\trunk\src\Spring\Spring.Core\Objects\Factory\Support\AbstractObjectFactory.cs:linha 2065
   em Spring.Objects.Factory.Support.DefaultListableObjectFactory.GetObjectsOfType(Type type, Boolean includePrototypes, Boolean includeFactoryObjects) na c:\_prj\spring-net\trunk\src\Spring\Spring.Core\Objects\Factory\Support\DefaultListableObjectFactory.cs:linha 770
   em Spring.Objects.Factory.ObjectFactoryUtils.ObjectsOfTypeIncludingAncestors(IListableObjectFactory factory, Type type, Boolean includePrototypes, Boolean includeFactoryObjects) na c:\_prj\spring-net\trunk\src\Spring\Spring.Core\Objects\Factory\ObjectFactoryUtils.cs:linha 268
   em Spring.Dao.Support.PersistenceExceptionTranslationInterceptor.DetectPersistenceExceptionTranslators(IListableObjectFactory objectFactory) na c:\_prj\spring-net\trunk\src\Spring\Spring.Data\Dao\Support\PersistenceExceptionTranslationInterceptor.cs:linha 155
   em Spring.Dao.Attributes.PersistenceExceptionTranslationAdvisor..ctor(IListableObjectFactory objectFactory, Type repositoryAttributeType) na c:\_prj\spring-net\trunk\src\Spring\Spring.Data\Dao\Attributes\PersistenceExceptionTranslationAdvisor.cs:linha 63
   em Spring.Dao.Attributes.PersistenceExceptionTranslationPostProcessor.set_ObjectFactory(IObjectFactory value) na c:\_prj\spring-net\trunk\src\Spring\Spring.Data\Dao\Attributes\PersistenceExceptionTranslationPostProcessor.cs:linha 95
   em Spring.Objects.Factory.Support.AbstractAutowireCapableObjectFactory.ConfigureObject(String name, RootObjectDefinition definition, IObjectWrapper wrapper) na c:\_prj\spring-net\trunk\src\Spring\Spring.Core\Objects\Factory\Support\AbstractAutowireCapableObjectFactory.cs:linha 1886
   em Spring.Objects.Factory.Support.AbstractAutowireCapableObjectFactory.InstantiateObject(String name, RootObjectDefinition definition, Object[] arguments, Boolean allowEagerCaching, Boolean suppressConfigure) na c:\_prj\spring-net\trunk\src\Spring\Spring.Core\Objects\Factory\Support\AbstractAutowireCapableObjectFactory.cs:linha 930
   em Spring.Objects.Factory.Support.AbstractObjectFactory.CreateAndCacheSingletonInstance(String objectName, RootObjectDefinition objectDefinition, Object[] arguments) na c:\_prj\spring-net\trunk\src\Spring\Spring.Core\Objects\Factory\Support\AbstractObjectFactory.cs:linha 2144
   em Spring.Objects.Factory.Support.AbstractObjectFactory.GetObjectInternal(String name, Type requiredType, Object[] arguments, Boolean suppressConfigure) na c:\_prj\spring-net\trunk\src\Spring\Spring.Core\Objects\Factory\Support\AbstractObjectFactory.cs:linha 2065
   em Spring.Objects.Factory.Support.DefaultListableObjectFactory.GetObjectsOfType(Type type, Boolean includePrototypes, Boolean includeFactoryObjects) na c:\_prj\spring-net\trunk\src\Spring\Spring.Core\Objects\Factory\Support\DefaultListableObjectFactory.cs:linha 770
   em Spring.Context.Support.AbstractApplicationContext.RegisterObjectPostProcessors(IConfigurableListableObjectFactory objectFactory) na c:\_prj\spring-net\trunk\src\Spring\Spring.Core\Context\Support\AbstractApplicationContext.cs:linha 652
   em Spring.Context.Support.AbstractApplicationContext.Refresh() na c:\_prj\spring-net\trunk\src\Spring\Spring.Core\Context\Support\AbstractApplicationContext.cs:linha 1000
   em Spring.Context.Support.XmlApplicationContext..ctor(XmlApplicationContextArgs args) na c:\_prj\spring-net\trunk\src\Spring\Spring.Core\Context\Support\XmlApplicationContext.cs:linha 111
   em _dynamic_Spring.Context.Support.XmlApplicationContext..ctor(Object[] )
   em Spring.Reflection.Dynamic.SafeConstructor.Invoke(Object[] arguments) na c:\_prj\spring-net\trunk\src\Spring\Spring.Core\Reflection\Dynamic\DynamicConstructor.cs:linha 116
   em Spring.Context.Support.ContextHandler.RootContextInstantiator.InvokeContextConstructor(ConstructorInfo ctor) na c:\_prj\spring-net\trunk\src\Spring\Spring.Core\Context\Support\ContextHandler.cs:linha 563
   em Spring.Context.Support.ContextHandler.ContextInstantiator.InstantiateContext() na c:\_prj\spring-net\trunk\src\Spring\Spring.Core\Context\Support\ContextHandler.cs:linha 508
   em Spring.Context.Support.ContextHandler.InstantiateContext(IApplicationContext parentContext, Object configContext, String contextName, Type contextType, Boolean caseSensitive, String[] resources) na c:\_prj\spring-net\trunk\src\Spring\Spring.Core\Context\Support\ContextHandler.cs:linha 344
   em Spring.Context.Support.ContextHandler.Create(Object parent, Object configContext, XmlNode section) na c:\_prj\spring-net\trunk\src\Spring\Spring.Core\Context\Support\ContextHandler.cs:linha 289</Message>
          <StackTrace>   em TesteSpringNet.ManterProdutoTest.SalvarProdutoTest() na c:\documents and settings\arquiteto\meus documentos\visual studio 2010\Projects\NHibernate_Spring_NET\TesteSpringNet\ManterProdutoTest.cs:linha 164
</StackTrace>
        </ErrorInfo>
      </Output>
    </UnitTestResult>
  </Results>
</TestRun>