<?xml version="1.0" encoding="UTF-8"?>
<TestRun id="f8c8fcea-25dc-472e-a7cb-a3ceb49d8c2a" name="Arquiteto@ALLSPARK 2013-03-17 02:30:57" runUser="ALLSPARK\Arquiteto" xmlns="http://microsoft.com/schemas/VisualStudio/TeamTest/2010">
  <TestSettings name="Local" id="d4f7ce9b-908c-4374-9461-2f0230bff472">
    <Description>These are default test settings for a local test run.</Description>
    <Deployment enabled="false" runDeploymentRoot="Arquiteto_ALLSPARK 2013-03-17 02_30_57">
      <DeploymentItem filename="c:\Arquivos de programas\Spring.NET 1.3.2\bin\net\4.0\release\Spring.Data.NHibernate31.dll" />
      <DeploymentItem filename="c:\documents and settings\arquiteto\meus documentos\visual studio 2010\Projects\NHibernate_Spring_NET\DAL\bin\Debug\DAL.dll" />
      <DeploymentItem filename="c:\documents and settings\arquiteto\meus documentos\Downloads\NHibernate-3.2.0.GA-bin\Required_Bins\NHibernate.dll" />
      <DeploymentItem filename="c:\Arquivos de programas\Spring.NET 1.3.2\bin\net\4.0\release\Spring.Messaging.Ems.dll" />
      <DeploymentItem filename="c:\Arquivos de programas\Spring.NET 1.3.2\bin\net\4.0\release\Spring.Data.NHibernate20.dll" />
      <DeploymentItem filename="c:\documents and settings\arquiteto\meus documentos\Downloads\NHibernate-3.2.0.GA-bin\Required_Bins\Iesi.Collections.dll" />
      <DeploymentItem filename="c:\Arquivos de programas\Spring.NET 1.3.2\bin\net\4.0\release\Spring.Data.NHibernate21.dll" />
      <DeploymentItem filename="c:\Arquivos de programas\Spring.NET 1.3.2\bin\net\4.0\release\Spring.Scheduling.Quartz.dll" />
      <DeploymentItem filename="c:\Arquivos de programas\Spring.NET 1.3.2\bin\net\4.0\release\Spring.Web.dll" />
      <DeploymentItem filename="c:\Arquivos de programas\Spring.NET 1.3.2\bin\net\4.0\release\Spring.Messaging.dll" />
      <DeploymentItem filename="c:\Arquivos de programas\Spring.NET 1.3.2\bin\net\4.0\release\Spring.Aop.dll" />
      <DeploymentItem filename="c:\Arquivos de programas\Spring.NET 1.3.2\bin\net\4.0\release\Spring.Data.NHibernate32.dll" />
      <DeploymentItem filename="c:\Arquivos de programas\Spring.NET 1.3.2\bin\net\4.0\release\Spring.Testing.Microsoft.dll" />
      <DeploymentItem filename="c:\Arquivos de programas\Spring.NET 1.3.2\bin\net\4.0\release\Spring.Data.NHibernate30.dll" />
      <DeploymentItem filename="c:\Arquivos de programas\Spring.NET 1.3.2\bin\net\4.0\release\Spring.Web.Mvc.dll" />
      <DeploymentItem filename="c:\Arquivos de programas\Spring.NET 1.3.2\bin\net\4.0\release\Spring.Services.dll" />
      <DeploymentItem filename="c:\Arquivos de programas\Spring.NET 1.3.2\bin\net\4.0\release\Spring.Messaging.Nms.dll" />
      <DeploymentItem filename="c:\documents and settings\arquiteto\meus documentos\visual studio 2010\Projects\NHibernate_Spring_NET\BusinessLayer\bin\Debug\BusinessLayer.dll" />
      <DeploymentItem filename="c:\Arquivos de programas\Spring.NET 1.3.2\bin\net\4.0\release\Common.Logging.dll" />
      <DeploymentItem filename="c:\Arquivos de programas\Spring.NET 1.3.2\bin\net\4.0\release\Spring.Core.dll" />
      <DeploymentItem filename="c:\Arquivos de programas\Spring.NET 1.3.2\bin\net\4.0\release\Spring.Template.Velocity.dll" />
      <DeploymentItem filename="c:\Arquivos de programas\Spring.NET 1.3.2\bin\net\4.0\release\Spring.Web.Mvc3.dll" />
      <DeploymentItem filename="c:\Arquivos de programas\Spring.NET 1.3.2\bin\net\4.0\release\Spring.Testing.NUnit.dll" />
      <DeploymentItem filename="c:\Arquivos de programas\Spring.NET 1.3.2\bin\net\4.0\release\Spring.Data.dll" />
      <DeploymentItem filename="c:\Arquivos de programas\Spring.NET 1.3.2\bin\net\4.0\release\Spring.Web.Extensions.dll" />
    </Deployment>
    <Execution>
      <TestTypeSpecific />
      <AgentRule name="Execution Agents">
      </AgentRule>
    </Execution>
  </TestSettings>
  <Times creation="2013-03-17T02:30:57.1560073-03:00" queuing="2013-03-17T02:30:57.3062233-03:00" start="2013-03-17T02:30:57.5866265-03:00" finish="2013-03-17T02:31:10.6253753-03:00" />
  <ResultSummary outcome="Inconclusive">
    <Counters total="1" executed="1" error="0" failed="0" timeout="0" aborted="0" inconclusive="1" passedButRunAborted="0" notRunnable="0" notExecuted="0" disconnected="0" warning="0" passed="0" completed="0" inProgress="0" pending="0" />
  </ResultSummary>
  <TestDefinitions>
    <UnitTest name="SalvarProdutoTest" storage="c:\documents and settings\arquiteto\meus documentos\visual studio 2010\projects\nhibernate_spring_net\testespringnet\bin\debug\testespringnet.dll" id="25b37dfb-a303-ccf0-1b89-b9a3e13be4ea">
      <Execution id="7578cdd1-2bd4-4b6d-bb35-c6af49c9825d" />
      <TestMethod codeBase="c:/documents and settings/arquiteto/meus documentos/visual studio 2010/Projects/NHibernate_Spring_NET/TesteSpringNet/bin/Debug/TesteSpringNet.DLL" adapterTypeName="Microsoft.VisualStudio.TestTools.TestTypes.Unit.UnitTestAdapter, Microsoft.VisualStudio.QualityTools.Tips.UnitTest.Adapter, Version=10.0.0.0, Culture=neutral, PublicKeyToken=b03f5f7f11d50a3a" className="TesteSpringNet.ManterProdutoTest, TesteSpringNet, Version=1.0.0.0, Culture=neutral, PublicKeyToken=null" name="SalvarProdutoTest" />
    </UnitTest>
  </TestDefinitions>
  <TestLists>
    <TestList name="Testes de Regra de Negócio" id="c44a6dfb-94cf-4128-9ac1-d987c425f2fe" parentListId="8c43106b-9dc1-4907-a29f-aa66a61bf5b6">
      <TestLinks>
        <TestLink id="25b37dfb-a303-ccf0-1b89-b9a3e13be4ea" name="SalvarProdutoTest" storage="c:\documents and settings\arquiteto\meus documentos\visual studio 2010\projects\nhibernate_spring_net\testespringnet\bin\debug\testespringnet.dll" type="Microsoft.VisualStudio.TestTools.TestTypes.Unit.UnitTestElement, Microsoft.VisualStudio.QualityTools.Tips.UnitTest.ObjectModel, Version=10.0.0.0, Culture=neutral, PublicKeyToken=b03f5f7f11d50a3a" />
      </TestLinks>
    </TestList>
    <TestList name="All Loaded Results" id="19431567-8539-422a-85d7-44ee4e166bda" />
    <TestList name="Lists of Results" id="8c43106b-9dc1-4907-a29f-aa66a61bf5b6" />
  </TestLists>
  <TestEntries>
    <TestEntry testId="25b37dfb-a303-ccf0-1b89-b9a3e13be4ea" executionId="7578cdd1-2bd4-4b6d-bb35-c6af49c9825d" testListId="c44a6dfb-94cf-4128-9ac1-d987c425f2fe" />
  </TestEntries>
  <Results>
    <UnitTestResult executionId="7578cdd1-2bd4-4b6d-bb35-c6af49c9825d" testId="25b37dfb-a303-ccf0-1b89-b9a3e13be4ea" testName="SalvarProdutoTest" computerName="ALLSPARK" duration="00:00:09.6949162" startTime="2013-03-17T02:30:57.8870585-03:00" endTime="2013-03-17T02:31:09.8242233-03:00" testType="13cdc9d9-ddb5-4fa4-a97d-d965ccfc6d4b" outcome="Inconclusive" testListId="c44a6dfb-94cf-4128-9ac1-d987c425f2fe" relativeResultsDirectory="7578cdd1-2bd4-4b6d-bb35-c6af49c9825d">
      <Output>
        <StdOut>NHibernate: SELECT fornecedor0_.id as id2_0_, fornecedor0_.nome as nome2_0_ FROM Fornecedor fornecedor0_ WHERE fornecedor0_.id=@p0;@p0 = 1 [Type: Int32 (0)]
NHibernate: SELECT produto0_.id as id3_0_, produto0_.nome as nome3_0_, produto0_.preco as preco3_0_, produto0_.pctLucro as pctLucro3_0_ FROM Produto produto0_ WHERE produto0_.id=@p0;@p0 = 5 [Type: Int32 (0)]
NHibernate: SELECT produto0_.id as id3_0_, produto0_.nome as nome3_0_, produto0_.preco as preco3_0_, produto0_.pctLucro as pctLucro3_0_ FROM Produto produto0_ WHERE produto0_.id=@p0;@p0 = 6 [Type: Int32 (0)]
NHibernate: SELECT produto0_.id as id13_0_, produto0_.nome as nome13_0_, produto0_.preco as preco13_0_, produto0_.pctLucro as pctLucro13_0_ FROM Produto produto0_ WHERE produto0_.id=@p0;@p0 = 5 [Type: Int32 (0)]
NHibernate: SELECT produto0_.id as id13_0_, produto0_.nome as nome13_0_, produto0_.preco as preco13_0_, produto0_.pctLucro as pctLucro13_0_ FROM Produto produto0_ WHERE produto0_.id=@p0;@p0 = 6 [Type: Int32 (0)]
NHibernate: INSERT INTO NotaFiscal (tipo, dtEntrega, dtNota, total, idFornecedor) VALUES (@p0, @p1, @p2, @p3, @p4); select SCOPE_IDENTITY();@p0 = 'ENTRADA' [Type: String (4000)], @p1 = 17/3/2013 02:31:08 [Type: DateTime (0)], @p2 = 1/3/2013 00:00:00 [Type: DateTime (0)], @p3 = 0 [Type: Double (0)], @p4 = 1 [Type: Int32 (0)]
NHibernate: INSERT INTO ItemNota (precoUnitario, quantidade, totalLinha, idNota, idProduto) VALUES (@p0, @p1, @p2, @p3, @p4); select SCOPE_IDENTITY();@p0 = 1,7 [Type: Double (0)], @p1 = 600 [Type: Int32 (0)], @p2 = 1020 [Type: Double (0)], @p3 = NULL [Type: Int32 (0)], @p4 = 5 [Type: Int32 (0)]</StdOut>
        <DebugTrace>Unable to read configuration section common/logging.  Using no-op implemenation.
</DebugTrace>
        <ErrorInfo>
          <Message>Assert.Inconclusive failed. System.Data.SqlClient.SqlException (0x80131904): Cannot insert the value NULL into column 'idNota', table 'LOJA.dbo.ItemNota'; column does not allow nulls. INSERT fails.
The statement has been terminated.
   em System.Data.SqlClient.SqlConnection.OnError(SqlException exception, Boolean breakConnection)
   em System.Data.SqlClient.SqlInternalConnection.OnError(SqlException exception, Boolean breakConnection)
   em System.Data.SqlClient.TdsParser.ThrowExceptionAndWarning()
   em System.Data.SqlClient.TdsParser.Run(RunBehavior runBehavior, SqlCommand cmdHandler, SqlDataReader dataStream, BulkCopySimpleResultSet bulkCopyHandler, TdsParserStateObject stateObj)
   em System.Data.SqlClient.SqlDataReader.ConsumeMetaData()
   em System.Data.SqlClient.SqlDataReader.get_MetaData()
   em System.Data.SqlClient.SqlCommand.FinishExecuteReader(SqlDataReader ds, RunBehavior runBehavior, String resetOptionsString)
   em System.Data.SqlClient.SqlCommand.RunExecuteReaderTds(CommandBehavior cmdBehavior, RunBehavior runBehavior, Boolean returnStream, Boolean async)
   em System.Data.SqlClient.SqlCommand.RunExecuteReader(CommandBehavior cmdBehavior, RunBehavior runBehavior, Boolean returnStream, String method, DbAsyncResult result)
   em System.Data.SqlClient.SqlCommand.RunExecuteReader(CommandBehavior cmdBehavior, RunBehavior runBehavior, Boolean returnStream, String method)
   em System.Data.SqlClient.SqlCommand.ExecuteReader(CommandBehavior behavior, String method)
   em System.Data.SqlClient.SqlCommand.ExecuteDbDataReader(CommandBehavior behavior)
   em System.Data.Common.DbCommand.System.Data.IDbCommand.ExecuteReader()
   em NHibernate.AdoNet.AbstractBatcher.ExecuteReader(IDbCommand cmd) na d:\CSharp\NH\NH\nhibernate\src\NHibernate\AdoNet\AbstractBatcher.cs:linha 252
   em NHibernate.Id.IdentityGenerator.InsertSelectDelegate.ExecuteAndExtract(IDbCommand insert, ISessionImplementor session) na d:\CSharp\NH\NH\nhibernate\src\NHibernate\Id\IdentityGenerator.cs:linha 74
   em NHibernate.Id.Insert.AbstractReturningDelegate.PerformInsert(SqlCommandInfo insertSQL, ISessionImplementor session, IBinder binder) na d:\CSharp\NH\NH\nhibernate\src\NHibernate\Id\Insert\AbstractReturningDelegate.cs:linha 42</Message>
          <StackTrace>   em TesteSpringNet.ManterProdutoTest.SalvarProdutoTest() na c:\documents and settings\arquiteto\meus documentos\visual studio 2010\Projects\NHibernate_Spring_NET\TesteSpringNet\ManterProdutoTest.cs:linha 164
</StackTrace>
        </ErrorInfo>
      </Output>
    </UnitTestResult>
  </Results>
</TestRun>