<?xml version="1.0" encoding="UTF-8"?>
<TestRun id="50fc11e0-16bb-4556-874e-ef5543ed46a3" name="Arquiteto@ALLSPARK 2013-01-20 18:14:00" runUser="ALLSPARK\Arquiteto" xmlns="http://microsoft.com/schemas/VisualStudio/TeamTest/2010">
  <TestSettings name="Local" id="48cf9c2f-742f-4c58-a0bc-2a49189e81c2">
    <Description>These are default test settings for a local test run.</Description>
    <Deployment enabled="false" runDeploymentRoot="Arquiteto_ALLSPARK 2013-01-20 18_14_00">
      <DeploymentItem filename="C:\Documents and Settings\Arquiteto\Meus documentos\Visual Studio 2010\Projects\Spring_Net\DAL\bin\Debug\DAL.dll" />
      <DeploymentItem filename="C:\Arquivos de programas\Spring.NET 1.3.2\bin\net\4.0\release\Spring.Core.dll" />
    </Deployment>
    <Execution>
      <TestTypeSpecific />
      <AgentRule name="Execution Agents">
      </AgentRule>
    </Execution>
  </TestSettings>
  <Times creation="2013-01-20T18:14:00.2896487-02:00" queuing="2013-01-20T18:14:00.3897927-02:00" start="2013-01-20T18:14:00.6201239-02:00" finish="2013-01-20T18:14:06.2782599-02:00" />
  <ResultSummary outcome="Completed">
    <Counters total="1" executed="1" passed="1" error="0" failed="0" timeout="0" aborted="0" inconclusive="0" passedButRunAborted="0" notRunnable="0" notExecuted="0" disconnected="0" warning="0" completed="0" inProgress="0" pending="0" />
  </ResultSummary>
  <TestDefinitions>
    <UnitTest name="SalvarTest" storage="c:\documents and settings\arquiteto\meus documentos\visual studio 2010\projects\spring_net\testedal\bin\debug\testedal.dll" id="f3453cf2-8978-0b99-b5ee-500b3a00fc71">
      <Execution id="9d9310d5-6d8d-43e0-93c1-c8f5777219e6" />
      <TestMethod codeBase="C:/Documents and Settings/Arquiteto/Meus documentos/Visual Studio 2010/Projects/Spring_Net/TesteDAL/bin/Debug/TesteDAL.DLL" adapterTypeName="Microsoft.VisualStudio.TestTools.TestTypes.Unit.UnitTestAdapter, Microsoft.VisualStudio.QualityTools.Tips.UnitTest.Adapter, Version=10.0.0.0, Culture=neutral, PublicKeyToken=b03f5f7f11d50a3a" className="TesteDAL.ContatoDALTest, TesteDAL, Version=1.0.0.0, Culture=neutral, PublicKeyToken=null" name="SalvarTest" />
    </UnitTest>
  </TestDefinitions>
  <TestLists>
    <TestList name="Results Not in a List" id="8c84fa94-04c1-424b-9868-57a2d4851a1d" />
    <TestList name="All Loaded Results" id="19431567-8539-422a-85d7-44ee4e166bda" />
  </TestLists>
  <TestEntries>
    <TestEntry testId="f3453cf2-8978-0b99-b5ee-500b3a00fc71" executionId="9d9310d5-6d8d-43e0-93c1-c8f5777219e6" testListId="8c84fa94-04c1-424b-9868-57a2d4851a1d" />
  </TestEntries>
  <Results>
    <UnitTestResult executionId="9d9310d5-6d8d-43e0-93c1-c8f5777219e6" testId="f3453cf2-8978-0b99-b5ee-500b3a00fc71" testName="SalvarTest" computerName="ALLSPARK" duration="00:00:01.0929665" startTime="2013-01-20T18:14:01.0307143-02:00" endTime="2013-01-20T18:14:05.8977127-02:00" testType="13cdc9d9-ddb5-4fa4-a97d-d965ccfc6d4b" outcome="Passed" testListId="8c84fa94-04c1-424b-9868-57a2d4851a1d" relativeResultsDirectory="9d9310d5-6d8d-43e0-93c1-c8f5777219e6">
      <Output>
        <DebugTrace>Unable to read configuration section common/logging.  Using no-op implemenation.
</DebugTrace>
      </Output>
    </UnitTestResult>
  </Results>
</TestRun>