<?xml version="1.0" encoding="UTF-8"?>
<TestRun id="365e23c8-b913-49a9-8936-cf0e6bdbabca" name="Arquiteto@ALLSPARK 2013-01-20 15:57:17" runUser="ALLSPARK\Arquiteto" xmlns="http://microsoft.com/schemas/VisualStudio/TeamTest/2010">
  <TestSettings name="Local" id="48cf9c2f-742f-4c58-a0bc-2a49189e81c2">
    <Description>These are default test settings for a local test run.</Description>
    <Deployment enabled="false" runDeploymentRoot="Arquiteto_ALLSPARK 2013-01-20 15_57_17">
      <DeploymentItem filename="C:\Documents and Settings\Arquiteto\Meus documentos\Visual Studio 2010\Projects\Spring_Net\DAL\bin\Debug\DAL.dll" />
      <DeploymentItem filename="C:\Arquivos de programas\Spring.NET 1.3.2\bin\net\4.0\release\Spring.Core.dll" />
    </Deployment>
    <Execution>
      <TestTypeSpecific />
      <AgentRule name="Execution Agents">
      </AgentRule>
    </Execution>
  </TestSettings>
  <Times creation="2013-01-20T15:57:17.9231221-02:00" queuing="2013-01-20T15:57:19.3551813-02:00" start="2013-01-20T15:57:19.7457429-02:00" finish="2013-01-20T15:57:22.0590693-02:00" />
  <ResultSummary outcome="Failed">
    <Counters total="1" executed="1" error="0" failed="1" timeout="0" aborted="0" inconclusive="0" passedButRunAborted="0" notRunnable="0" notExecuted="0" disconnected="0" warning="0" passed="0" completed="0" inProgress="0" pending="0" />
  </ResultSummary>
  <TestDefinitions>
    <UnitTest name="SalvarTest" storage="c:\documents and settings\arquiteto\meus documentos\visual studio 2010\projects\spring_net\testedal\bin\debug\testedal.dll" id="f3453cf2-8978-0b99-b5ee-500b3a00fc71">
      <Execution id="9be9ba3e-b40b-4895-bfb8-faf4e54f5196" />
      <TestMethod codeBase="C:/Documents and Settings/Arquiteto/Meus documentos/Visual Studio 2010/Projects/Spring_Net/TesteDAL/bin/Debug/TesteDAL.DLL" adapterTypeName="Microsoft.VisualStudio.TestTools.TestTypes.Unit.UnitTestAdapter, Microsoft.VisualStudio.QualityTools.Tips.UnitTest.Adapter, Version=10.0.0.0, Culture=neutral, PublicKeyToken=b03f5f7f11d50a3a" className="TesteDAL.ContatoDALTest, TesteDAL, Version=1.0.0.0, Culture=neutral, PublicKeyToken=null" name="SalvarTest" />
    </UnitTest>
  </TestDefinitions>
  <TestLists>
    <TestList name="Results Not in a List" id="8c84fa94-04c1-424b-9868-57a2d4851a1d" />
    <TestList name="All Loaded Results" id="19431567-8539-422a-85d7-44ee4e166bda" />
  </TestLists>
  <TestEntries>
    <TestEntry testId="f3453cf2-8978-0b99-b5ee-500b3a00fc71" executionId="9be9ba3e-b40b-4895-bfb8-faf4e54f5196" testListId="8c84fa94-04c1-424b-9868-57a2d4851a1d" />
  </TestEntries>
  <Results>
    <UnitTestResult executionId="9be9ba3e-b40b-4895-bfb8-faf4e54f5196" testId="f3453cf2-8978-0b99-b5ee-500b3a00fc71" testName="SalvarTest" computerName="ALLSPARK" duration="00:00:01.3401309" startTime="2013-01-20T15:57:19.9460309-02:00" endTime="2013-01-20T15:57:21.8487669-02:00" testType="13cdc9d9-ddb5-4fa4-a97d-d965ccfc6d4b" outcome="Failed" testListId="8c84fa94-04c1-424b-9868-57a2d4851a1d" relativeResultsDirectory="9be9ba3e-b40b-4895-bfb8-faf4e54f5196">
      <Output>
        <DebugTrace>Unable to read configuration section common/logging.  Using no-op implemenation.
</DebugTrace>
        <ErrorInfo>
          <Message>Assert.Fail failed. Ocorreu um erro ao criar o manipulador de seção de configuração de spring/context: Não foi possível carregar o tipo Spring.Context.Support.ContextHandler
                do assembly Spring.Core. (C:\Documents and Settings\Arquiteto\Meus documentos\Visual Studio 2010\Projects\Spring_Net\TesteDAL\bin\Debug\TesteDAL.DLL.config line 5)</Message>
          <StackTrace>   em TesteDAL.ContatoDALTest.SalvarTest() na E:\Documentos\Empresa\Artigos\Revista DevMedia\dotNet Magazine\Spring_Net\Solution\Spring_Net\TesteDAL\ContatoDALTest.cs:linha 97
</StackTrace>
        </ErrorInfo>
      </Output>
    </UnitTestResult>
  </Results>
</TestRun>