<?xml version="1.0" encoding="utf-8" standalone="no"?>
<!--This file represents the results of running a test suite-->
<test-results name="C:\Artigo Persistência com NHibernate\Código Fonte\DevMedia.Artigo04.Solution\Teste.DevMedia.Artigo04\Teste.DevMedia.Artigo04.NUnit" total="3" errors="1" failures="0" not-run="0" inconclusive="0" ignored="0" skipped="0" invalid="0" date="2013-11-18" time="22:59:20">
  <environment nunit-version="2.6.2.12296" clr-version="2.0.50727.3053" os-version="Microsoft Windows NT 5.1.2600 Service Pack 3" platform="Win32NT" cwd="C:\Artigo Persistência com NHibernate\Código Fonte\DevMedia.Artigo04.Solution\Teste.DevMedia.Artigo04" machine-name="ALLSPARK" user="Arquiteto" user-domain="ALLSPARK" />
  <culture-info current-culture="pt-BR" current-uiculture="pt-BR" />
  <test-suite type="Project" name="C:\Artigo Persistência com NHibernate\Código Fonte\DevMedia.Artigo04.Solution\Teste.DevMedia.Artigo04\Teste.DevMedia.Artigo04.NUnit" executed="True" result="Failure" success="False" time="35.401" asserts="0">
    <results>
      <test-suite type="Assembly" name="C:\Artigo Persistência com NHibernate\Código Fonte\DevMedia.Artigo04.Solution\Teste.DevMedia.Artigo04\bin\Debug\Teste.DevMedia.Artigo04.dll" executed="True" result="Failure" success="False" time="35.341" asserts="0">
        <results>
          <test-suite type="Namespace" name="Teste" executed="True" result="Failure" success="False" time="35.341" asserts="0">
            <results>
              <test-suite type="Namespace" name="DevMedia" executed="True" result="Failure" success="False" time="35.301" asserts="0">
                <results>
                  <test-suite type="Namespace" name="Artigo04" executed="True" result="Failure" success="False" time="35.281" asserts="0">
                    <results>
                      <test-suite type="Namespace" name="NHibernate" executed="True" result="Failure" success="False" time="35.281" asserts="0">
                        <results>
                          <test-suite type="TestFixture" name="TestaNHibernate" executed="True" result="Success" success="True" time="34.209" asserts="0">
                            <results>
                              <test-case name="Teste.DevMedia.Artigo04.NHibernate.TestaNHibernate.ConexaoBanco" executed="True" result="Success" success="True" time="34.109" asserts="1" />
                              <test-case name="Teste.DevMedia.Artigo04.NHibernate.TestaNHibernate.teste_Integracao" executed="True" result="Success" success="True" time="0.010" asserts="1" />
                            </results>
                          </test-suite>
                          <test-suite type="TestFixture" name="TesteTecnologiaDao" executed="True" result="Failure" success="False" time="0.961" asserts="0">
                            <results>
                              <test-case name="Teste.DevMedia.Artigo04.NHibernate.TesteTecnologiaDao.inserir" executed="True" result="Error" success="False" time="0.931" asserts="0">
                                <failure>
                                  <message><![CDATA[System.NullReferenceException : Referência de objeto não definida para uma instância de um objeto.]]></message>
                                  <stack-trace><![CDATA[em Teste.DevMedia.Artigo04.NHibernate.TesteTecnologiaDao.inserir() na C:\Artigo Persistência com NHibernate\Código Fonte\DevMedia.Artigo04.Solution\Teste.DevMedia.Artigo04\NHibernate\TesteTecnologiaDao.cs:linha 59
]]></stack-trace>
                                </failure>
                              </test-case>
                            </results>
                          </test-suite>
                        </results>
                      </test-suite>
                    </results>
                  </test-suite>
                </results>
              </test-suite>
            </results>
          </test-suite>
        </results>
      </test-suite>
    </results>
  </test-suite>
</test-results>